This is pdfTeX, Version 3.14159265-2.6-1.40.16 (MiKTeX 2.9) (preloaded format=pdflatex 2016.3.3)  17 APR 2016 23:05
entering extended mode
**./main.tex
(main.tex
LaTeX2e <2015/10/01> patch level 2
Babel <3.9m> and hyphenation patterns for 69 languages loaded.
("C:\Users\Emtiaj\AppData\Local\Programs\MiKTeX 2.9\tex\latex\base\report.cls"
Document Class: report 2014/09/29 v1.4h Standard LaTeX document class
("C:\Users\Emtiaj\AppData\Local\Programs\MiKTeX 2.9\tex\latex\base\size12.clo"
File: size12.clo 2014/09/29 v1.4h Standard LaTeX file (size option)
)
\c@part=\count79
\c@chapter=\count80
\c@section=\count81
\c@subsection=\count82
\c@subsubsection=\count83
\c@paragraph=\count84
\c@subparagraph=\count85
\c@figure=\count86
\c@table=\count87
\abovecaptionskip=\skip41
\belowcaptionskip=\skip42
\bibindent=\dimen102
)
("C:\Users\Emtiaj\AppData\Local\Programs\MiKTeX 2.9\tex\latex\graphics\graphicx
.sty"
Package: graphicx 2014/10/28 v1.0g Enhanced LaTeX Graphics (DPC,SPQR)

("C:\Users\Emtiaj\AppData\Local\Programs\MiKTeX 2.9\tex\latex\graphics\keyval.s
ty"
Package: keyval 2014/10/28 v1.15 key=value parser (DPC)
\KV@toks@=\toks14
)
("C:\Users\Emtiaj\AppData\Local\Programs\MiKTeX 2.9\tex\latex\graphics\graphics
.sty"
Package: graphics 2014/10/28 v1.0p Standard LaTeX Graphics (DPC,SPQR)

("C:\Users\Emtiaj\AppData\Local\Programs\MiKTeX 2.9\tex\latex\graphics\trig.sty
"
Package: trig 1999/03/16 v1.09 sin cos tan (DPC)
)
("C:\Users\Emtiaj\AppData\Local\Programs\MiKTeX 2.9\tex\latex\00miktex\graphics
.cfg"
File: graphics.cfg 2007/01/18 v1.5 graphics configuration of teTeX/TeXLive
)
Package graphics Info: Driver file: pdftex.def on input line 94.

("C:\Users\Emtiaj\AppData\Local\Programs\MiKTeX 2.9\tex\latex\pdftex-def\pdftex
.def"
File: pdftex.def 2011/05/27 v0.06d Graphics/color for pdfTeX

("C:\Users\Emtiaj\AppData\Local\Programs\MiKTeX 2.9\tex\generic\oberdiek\infwar
err.sty"
Package: infwarerr 2010/04/08 v1.3 Providing info/warning/error messages (HO)
)
("C:\Users\Emtiaj\AppData\Local\Programs\MiKTeX 2.9\tex\generic\oberdiek\ltxcmd
s.sty"
Package: ltxcmds 2011/11/09 v1.22 LaTeX kernel commands for general use (HO)
)
\Gread@gobject=\count88
))
\Gin@req@height=\dimen103
\Gin@req@width=\dimen104
)
("C:\Users\Emtiaj\AppData\Local\Programs\MiKTeX 2.9\tex\latex\base\inputenc.sty
"
Package: inputenc 2015/03/17 v1.2c Input encoding file
\inpenc@prehook=\toks15
\inpenc@posthook=\toks16
 ("C:\Users\Emtiaj\AppData\Local\Programs\MiKTeX 2.9\tex\latex\base\utf8.def"
File: utf8.def 2015/09/07 v1.1p UTF-8 support for inputenc
Now handling font encoding OML ...
... no UTF-8 mapping file for font encoding OML
Now handling font encoding T1 ...
... processing UTF-8 mapping file for font encoding T1

("C:\Users\Emtiaj\AppData\Local\Programs\MiKTeX 2.9\tex\latex\base\t1enc.dfu"
File: t1enc.dfu 2015/09/07 v1.1p UTF-8 support for inputenc
   defining Unicode char U+00A0 (decimal 160)
   defining Unicode char U+00A1 (decimal 161)
   defining Unicode char U+00A3 (decimal 163)
   defining Unicode char U+00AB (decimal 171)
   defining Unicode char U+00AD (decimal 173)
   defining Unicode char U+00BB (decimal 187)
   defining Unicode char U+00BF (decimal 191)
   defining Unicode char U+00C0 (decimal 192)
   defining Unicode char U+00C1 (decimal 193)
   defining Unicode char U+00C2 (decimal 194)
   defining Unicode char U+00C3 (decimal 195)
   defining Unicode char U+00C4 (decimal 196)
   defining Unicode char U+00C5 (decimal 197)
   defining Unicode char U+00C6 (decimal 198)
   defining Unicode char U+00C7 (decimal 199)
   defining Unicode char U+00C8 (decimal 200)
   defining Unicode char U+00C9 (decimal 201)
   defining Unicode char U+00CA (decimal 202)
   defining Unicode char U+00CB (decimal 203)
   defining Unicode char U+00CC (decimal 204)
   defining Unicode char U+00CD (decimal 205)
   defining Unicode char U+00CE (decimal 206)
   defining Unicode char U+00CF (decimal 207)
   defining Unicode char U+00D0 (decimal 208)
   defining Unicode char U+00D1 (decimal 209)
   defining Unicode char U+00D2 (decimal 210)
   defining Unicode char U+00D3 (decimal 211)
   defining Unicode char U+00D4 (decimal 212)
   defining Unicode char U+00D5 (decimal 213)
   defining Unicode char U+00D6 (decimal 214)
   defining Unicode char U+00D8 (decimal 216)
   defining Unicode char U+00D9 (decimal 217)
   defining Unicode char U+00DA (decimal 218)
   defining Unicode char U+00DB (decimal 219)
   defining Unicode char U+00DC (decimal 220)
   defining Unicode char U+00DD (decimal 221)
   defining Unicode char U+00DE (decimal 222)
   defining Unicode char U+00DF (decimal 223)
   defining Unicode char U+00E0 (decimal 224)
   defining Unicode char U+00E1 (decimal 225)
   defining Unicode char U+00E2 (decimal 226)
   defining Unicode char U+00E3 (decimal 227)
   defining Unicode char U+00E4 (decimal 228)
   defining Unicode char U+00E5 (decimal 229)
   defining Unicode char U+00E6 (decimal 230)
   defining Unicode char U+00E7 (decimal 231)
   defining Unicode char U+00E8 (decimal 232)
   defining Unicode char U+00E9 (decimal 233)
   defining Unicode char U+00EA (decimal 234)
   defining Unicode char U+00EB (decimal 235)
   defining Unicode char U+00EC (decimal 236)
   defining Unicode char U+00ED (decimal 237)
   defining Unicode char U+00EE (decimal 238)
   defining Unicode char U+00EF (decimal 239)
   defining Unicode char U+00F0 (decimal 240)
   defining Unicode char U+00F1 (decimal 241)
   defining Unicode char U+00F2 (decimal 242)
   defining Unicode char U+00F3 (decimal 243)
   defining Unicode char U+00F4 (decimal 244)
   defining Unicode char U+00F5 (decimal 245)
   defining Unicode char U+00F6 (decimal 246)
   defining Unicode char U+00F8 (decimal 248)
   defining Unicode char U+00F9 (decimal 249)
   defining Unicode char U+00FA (decimal 250)
   defining Unicode char U+00FB (decimal 251)
   defining Unicode char U+00FC (decimal 252)
   defining Unicode char U+00FD (decimal 253)
   defining Unicode char U+00FE (decimal 254)
   defining Unicode char U+00FF (decimal 255)
   defining Unicode char U+0102 (decimal 258)
   defining Unicode char U+0103 (decimal 259)
   defining Unicode char U+0104 (decimal 260)
   defining Unicode char U+0105 (decimal 261)
   defining Unicode char U+0106 (decimal 262)
   defining Unicode char U+0107 (decimal 263)
   defining Unicode char U+010C (decimal 268)
   defining Unicode char U+010D (decimal 269)
   defining Unicode char U+010E (decimal 270)
   defining Unicode char U+010F (decimal 271)
   defining Unicode char U+0110 (decimal 272)
   defining Unicode char U+0111 (decimal 273)
   defining Unicode char U+0118 (decimal 280)
   defining Unicode char U+0119 (decimal 281)
   defining Unicode char U+011A (decimal 282)
   defining Unicode char U+011B (decimal 283)
   defining Unicode char U+011E (decimal 286)
   defining Unicode char U+011F (decimal 287)
   defining Unicode char U+0130 (decimal 304)
   defining Unicode char U+0131 (decimal 305)
   defining Unicode char U+0132 (decimal 306)
   defining Unicode char U+0133 (decimal 307)
   defining Unicode char U+0139 (decimal 313)
   defining Unicode char U+013A (decimal 314)
   defining Unicode char U+013D (decimal 317)
   defining Unicode char U+013E (decimal 318)
   defining Unicode char U+0141 (decimal 321)
   defining Unicode char U+0142 (decimal 322)
   defining Unicode char U+0143 (decimal 323)
   defining Unicode char U+0144 (decimal 324)
   defining Unicode char U+0147 (decimal 327)
   defining Unicode char U+0148 (decimal 328)
   defining Unicode char U+014A (decimal 330)
   defining Unicode char U+014B (decimal 331)
   defining Unicode char U+0150 (decimal 336)
   defining Unicode char U+0151 (decimal 337)
   defining Unicode char U+0152 (decimal 338)
   defining Unicode char U+0153 (decimal 339)
   defining Unicode char U+0154 (decimal 340)
   defining Unicode char U+0155 (decimal 341)
   defining Unicode char U+0158 (decimal 344)
   defining Unicode char U+0159 (decimal 345)
   defining Unicode char U+015A (decimal 346)
   defining Unicode char U+015B (decimal 347)
   defining Unicode char U+015E (decimal 350)
   defining Unicode char U+015F (decimal 351)
   defining Unicode char U+0160 (decimal 352)
   defining Unicode char U+0161 (decimal 353)
   defining Unicode char U+0162 (decimal 354)
   defining Unicode char U+0163 (decimal 355)
   defining Unicode char U+0164 (decimal 356)
   defining Unicode char U+0165 (decimal 357)
   defining Unicode char U+016E (decimal 366)
   defining Unicode char U+016F (decimal 367)
   defining Unicode char U+0170 (decimal 368)
   defining Unicode char U+0171 (decimal 369)
   defining Unicode char U+0174 (decimal 372)
   defining Unicode char U+0175 (decimal 373)
   defining Unicode char U+0176 (decimal 374)
   defining Unicode char U+0177 (decimal 375)
   defining Unicode char U+0178 (decimal 376)
   defining Unicode char U+0179 (decimal 377)
   defining Unicode char U+017A (decimal 378)
   defining Unicode char U+017B (decimal 379)
   defining Unicode char U+017C (decimal 380)
   defining Unicode char U+017D (decimal 381)
   defining Unicode char U+017E (decimal 382)
   defining Unicode char U+0218 (decimal 536)
   defining Unicode char U+0219 (decimal 537)
   defining Unicode char U+021A (decimal 538)
   defining Unicode char U+021B (decimal 539)
   defining Unicode char U+200C (decimal 8204)
   defining Unicode char U+2013 (decimal 8211)
   defining Unicode char U+2014 (decimal 8212)
   defining Unicode char U+2018 (decimal 8216)
   defining Unicode char U+2019 (decimal 8217)
   defining Unicode char U+201A (decimal 8218)
   defining Unicode char U+201C (decimal 8220)
   defining Unicode char U+201D (decimal 8221)
   defining Unicode char U+201E (decimal 8222)
   defining Unicode char U+2030 (decimal 8240)
   defining Unicode char U+2031 (decimal 8241)
   defining Unicode char U+2039 (decimal 8249)
   defining Unicode char U+203A (decimal 8250)
   defining Unicode char U+2423 (decimal 9251)
)
Now handling font encoding OT1 ...
... processing UTF-8 mapping file for font encoding OT1

("C:\Users\Emtiaj\AppData\Local\Programs\MiKTeX 2.9\tex\latex\base\ot1enc.dfu"
File: ot1enc.dfu 2015/09/07 v1.1p UTF-8 support for inputenc
   defining Unicode char U+00A0 (decimal 160)
   defining Unicode char U+00A1 (decimal 161)
   defining Unicode char U+00A3 (decimal 163)
   defining Unicode char U+00AD (decimal 173)
   defining Unicode char U+00B8 (decimal 184)
   defining Unicode char U+00BF (decimal 191)
   defining Unicode char U+00C5 (decimal 197)
   defining Unicode char U+00C6 (decimal 198)
   defining Unicode char U+00D8 (decimal 216)
   defining Unicode char U+00DF (decimal 223)
   defining Unicode char U+00E6 (decimal 230)
   defining Unicode char U+00EC (decimal 236)
   defining Unicode char U+00ED (decimal 237)
   defining Unicode char U+00EE (decimal 238)
   defining Unicode char U+00EF (decimal 239)
   defining Unicode char U+00F8 (decimal 248)
   defining Unicode char U+0131 (decimal 305)
   defining Unicode char U+0141 (decimal 321)
   defining Unicode char U+0142 (decimal 322)
   defining Unicode char U+0152 (decimal 338)
   defining Unicode char U+0153 (decimal 339)
   defining Unicode char U+0174 (decimal 372)
   defining Unicode char U+0175 (decimal 373)
   defining Unicode char U+0176 (decimal 374)
   defining Unicode char U+0177 (decimal 375)
   defining Unicode char U+0218 (decimal 536)
   defining Unicode char U+0219 (decimal 537)
   defining Unicode char U+021A (decimal 538)
   defining Unicode char U+021B (decimal 539)
   defining Unicode char U+2013 (decimal 8211)
   defining Unicode char U+2014 (decimal 8212)
   defining Unicode char U+2018 (decimal 8216)
   defining Unicode char U+2019 (decimal 8217)
   defining Unicode char U+201C (decimal 8220)
   defining Unicode char U+201D (decimal 8221)
)
Now handling font encoding OMS ...
... processing UTF-8 mapping file for font encoding OMS
("C:\Users\Emtiaj\AppData\Local\Programs\MiKTeX 2.9\tex\latex\base\omsenc.dfu"
File: omsenc.dfu 2015/09/07 v1.1p UTF-8 support for inputenc
   defining Unicode char U+00A7 (decimal 167)
   defining Unicode char U+00B6 (decimal 182)
   defining Unicode char U+00B7 (decimal 183)
   defining Unicode char U+2020 (decimal 8224)
   defining Unicode char U+2021 (decimal 8225)
   defining Unicode char U+2022 (decimal 8226)
)
Now handling font encoding OMX ...
... no UTF-8 mapping file for font encoding OMX
Now handling font encoding U ...
... no UTF-8 mapping file for font encoding U
   defining Unicode char U+00A9 (decimal 169)
   defining Unicode char U+00AA (decimal 170)
   defining Unicode char U+00AE (decimal 174)
   defining Unicode char U+00BA (decimal 186)
   defining Unicode char U+02C6 (decimal 710)
   defining Unicode char U+02DC (decimal 732)
   defining Unicode char U+200C (decimal 8204)
   defining Unicode char U+2026 (decimal 8230)
   defining Unicode char U+2122 (decimal 8482)
   defining Unicode char U+2423 (decimal 9251)
))
("C:\Users\Emtiaj\AppData\Local\Programs\MiKTeX 2.9\tex\generic\babel\babel.sty
"
Package: babel 2015/08/03 3.9m The Babel package

*************************************
* Local config file bblopts.cfg used
*

("C:\Users\Emtiaj\AppData\Local\Programs\MiKTeX 2.9\tex\latex\00miktex\bblopts.
cfg"
File: bblopts.cfg 2006/07/31 v1.0 MiKTeX 'babel' configuration
)
("C:\Users\Emtiaj\AppData\Local\Programs\MiKTeX 2.9\tex\latex\babel-english\eng
lish.ldf"
Language: english 2012/08/20 v3.3p English support from the babel system

("C:\Users\Emtiaj\AppData\Local\Programs\MiKTeX 2.9\tex\generic\babel\babel.def
"
File: babel.def 2015/08/03 3.9m Babel common definitions
\babel@savecnt=\count89
\U@D=\dimen105
)
\l@canadian = a dialect from \language\l@american 
\l@australian = a dialect from \language\l@british 
\l@newzealand = a dialect from \language\l@british 
))
("C:\Users\Emtiaj\AppData\Local\Programs\MiKTeX 2.9\tex\latex\hyperref\hyperref
.sty"
Package: hyperref 2012/11/06 v6.83m Hypertext links for LaTeX

("C:\Users\Emtiaj\AppData\Local\Programs\MiKTeX 2.9\tex\generic\oberdiek\hobsub
-hyperref.sty"
Package: hobsub-hyperref 2012/04/25 v1.12 Bundle oberdiek, subset hyperref (HO)


("C:\Users\Emtiaj\AppData\Local\Programs\MiKTeX 2.9\tex\generic\oberdiek\hobsub
-generic.sty"
Package: hobsub-generic 2012/04/25 v1.12 Bundle oberdiek, subset generic (HO)
Package: hobsub 2012/04/25 v1.12 Construct package bundles (HO)
Package hobsub Info: Skipping package `infwarerr' (already loaded).
Package hobsub Info: Skipping package `ltxcmds' (already loaded).
Package: ifluatex 2010/03/01 v1.3 Provides the ifluatex switch (HO)
Package ifluatex Info: LuaTeX not detected.
Package: ifvtex 2010/03/01 v1.5 Detect VTeX and its facilities (HO)
Package ifvtex Info: VTeX not detected.
Package: intcalc 2007/09/27 v1.1 Expandable calculations with integers (HO)
Package: ifpdf 2011/01/30 v2.3 Provides the ifpdf switch (HO)
Package ifpdf Info: pdfTeX in PDF mode is detected.
Package: etexcmds 2011/02/16 v1.5 Avoid name clashes with e-TeX commands (HO)
Package etexcmds Info: Could not find \expanded.
(etexcmds)             That can mean that you are not using pdfTeX 1.50 or
(etexcmds)             that some package has redefined \expanded.
(etexcmds)             In the latter case, load this package earlier.
Package: kvsetkeys 2012/04/25 v1.16 Key value parser (HO)
Package: kvdefinekeys 2011/04/07 v1.3 Define keys (HO)
Package: pdftexcmds 2011/11/29 v0.20 Utility functions of pdfTeX for LuaTeX (HO
)
Package pdftexcmds Info: LuaTeX not detected.
Package pdftexcmds Info: \pdf@primitive is available.
Package pdftexcmds Info: \pdf@ifprimitive is available.
Package pdftexcmds Info: \pdfdraftmode found.
Package: pdfescape 2011/11/25 v1.13 Implements pdfTeX's escape features (HO)
Package: bigintcalc 2012/04/08 v1.3 Expandable calculations on big integers (HO
)
Package: bitset 2011/01/30 v1.1 Handle bit-vector datatype (HO)
Package: uniquecounter 2011/01/30 v1.2 Provide unlimited unique counter (HO)
)
Package hobsub Info: Skipping package `hobsub' (already loaded).
Package: letltxmacro 2010/09/02 v1.4 Let assignment for LaTeX macros (HO)
Package: hopatch 2011/06/24 v1.1 Wrapper for package hooks (HO)
Package: xcolor-patch 2011/01/30 xcolor patch
Package: atveryend 2011/06/30 v1.8 Hooks at the very end of document (HO)
Package atveryend Info: \enddocument detected (standard20110627).
Package: atbegshi 2011/10/05 v1.16 At begin shipout hook (HO)
Package: refcount 2011/10/16 v3.4 Data extraction from label references (HO)
Package: hycolor 2011/01/30 v1.7 Color options for hyperref/bookmark (HO)
)
("C:\Users\Emtiaj\AppData\Local\Programs\MiKTeX 2.9\tex\generic\ifxetex\ifxetex
.sty"
Package: ifxetex 2010/09/12 v0.6 Provides ifxetex conditional
)
("C:\Users\Emtiaj\AppData\Local\Programs\MiKTeX 2.9\tex\latex\oberdiek\auxhook.
sty"
Package: auxhook 2011/03/04 v1.3 Hooks for auxiliary files (HO)
)
("C:\Users\Emtiaj\AppData\Local\Programs\MiKTeX 2.9\tex\latex\oberdiek\kvoption
s.sty"
Package: kvoptions 2011/06/30 v3.11 Key value format for package options (HO)
)
\@linkdim=\dimen106
\Hy@linkcounter=\count90
\Hy@pagecounter=\count91

("C:\Users\Emtiaj\AppData\Local\Programs\MiKTeX 2.9\tex\latex\hyperref\pd1enc.d
ef"
File: pd1enc.def 2012/11/06 v6.83m Hyperref: PDFDocEncoding definition (HO)
Now handling font encoding PD1 ...
... no UTF-8 mapping file for font encoding PD1
)
\Hy@SavedSpaceFactor=\count92

("C:\Users\Emtiaj\AppData\Local\Programs\MiKTeX 2.9\tex\latex\00miktex\hyperref
.cfg"
File: hyperref.cfg 2002/06/06 v1.2 hyperref configuration of TeXLive
)
Package hyperref Info: Hyper figures OFF on input line 4443.
Package hyperref Info: Link nesting OFF on input line 4448.
Package hyperref Info: Hyper index ON on input line 4451.
Package hyperref Info: Plain pages OFF on input line 4458.
Package hyperref Info: Backreferencing OFF on input line 4463.
Package hyperref Info: Implicit mode ON; LaTeX internals redefined.
Package hyperref Info: Bookmarks ON on input line 4688.
\c@Hy@tempcnt=\count93
 ("C:\Users\Emtiaj\AppData\Local\Programs\MiKTeX 2.9\tex\latex\url\url.sty"
\Urlmuskip=\muskip10
Package: url 2013/09/16  ver 3.4  Verb mode for urls, etc.
)
LaTeX Info: Redefining \url on input line 5041.
\XeTeXLinkMargin=\dimen107
\Fld@menulength=\count94
\Field@Width=\dimen108
\Fld@charsize=\dimen109
Package hyperref Info: Hyper figures OFF on input line 6295.
Package hyperref Info: Link nesting OFF on input line 6300.
Package hyperref Info: Hyper index ON on input line 6303.
Package hyperref Info: backreferencing OFF on input line 6310.
Package hyperref Info: Link coloring OFF on input line 6315.
Package hyperref Info: Link coloring with OCG OFF on input line 6320.
Package hyperref Info: PDF/A mode OFF on input line 6325.
LaTeX Info: Redefining \ref on input line 6365.
LaTeX Info: Redefining \pageref on input line 6369.
\Hy@abspage=\count95
\c@Item=\count96
\c@Hfootnote=\count97
)

Package hyperref Message: Driver (autodetected): hpdftex.


("C:\Users\Emtiaj\AppData\Local\Programs\MiKTeX 2.9\tex\latex\hyperref\hpdftex.
def"
File: hpdftex.def 2012/11/06 v6.83m Hyperref driver for pdfTeX
\Fld@listcount=\count98
\c@bookmark@seq@number=\count99

("C:\Users\Emtiaj\AppData\Local\Programs\MiKTeX 2.9\tex\latex\oberdiek\rerunfil
echeck.sty"
Package: rerunfilecheck 2011/04/15 v1.7 Rerun checks for auxiliary files (HO)
Package uniquecounter Info: New unique counter `rerunfilecheck' on input line 2
82.
)
\Hy@SectionHShift=\skip43
)
("C:\Users\Emtiaj\AppData\Local\Programs\MiKTeX 2.9\tex\latex\geometry\geometry
.sty"
Package: geometry 2010/09/12 v5.6 Page Geometry
\Gm@cnth=\count100
\Gm@cntv=\count101
\c@Gm@tempcnt=\count102
\Gm@bindingoffset=\dimen110
\Gm@wd@mp=\dimen111
\Gm@odd@mp=\dimen112
\Gm@even@mp=\dimen113
\Gm@layoutwidth=\dimen114
\Gm@layoutheight=\dimen115
\Gm@layouthoffset=\dimen116
\Gm@layoutvoffset=\dimen117
\Gm@dimlist=\toks17

("C:\Users\Emtiaj\AppData\Local\Programs\MiKTeX 2.9\tex\latex\geometry\geometry
.cfg"))
("C:\Users\Emtiaj\AppData\Local\Programs\MiKTeX 2.9\tex\latex\multirow\multirow
.sty"
\bigstrutjot=\dimen118
)
("C:\Users\Emtiaj\AppData\Local\Programs\MiKTeX 2.9\tex\latex\tabu\tabu.sty"
Package: tabu 2011/02/26 v2.8 - flexible LaTeX tabulars (FC)

("C:\Users\Emtiaj\AppData\Local\Programs\MiKTeX 2.9\tex\latex\tools\array.sty"
Package: array 2014/10/28 v2.4c Tabular extension package (FMi)
\col@sep=\dimen119
\extrarowheight=\dimen120
\NC@list=\toks18
\extratabsurround=\skip44
\backup@length=\skip45
)
("C:\Users\Emtiaj\AppData\Local\Programs\MiKTeX 2.9\tex\latex\ltxmisc\varwidth.
sty"
Package: varwidth 2009/03/30 ver 0.92;  Variable-width minipages
\@vwid@box=\box26
\sift@deathcycles=\count103
\@vwid@loff=\dimen121
\@vwid@roff=\dimen122
)
\c@taburow=\count104
\tabu@nbcols=\count105
\tabu@cnt=\count106
\tabu@Xcol=\count107
\tabu@alloc=\count108
\tabu@nested=\count109
\tabu@target=\dimen123
\tabu@spreadtarget=\dimen124
\tabu@naturalX=\dimen125
\tabucolX=\dimen126
\tabu@Xsum=\dimen127
\extrarowdepth=\dimen128
\abovetabulinesep=\dimen129
\belowtabulinesep=\dimen130
\tabustrutrule=\dimen131
\tabu@thebody=\toks19
\tabu@footnotes=\toks20
\tabu@box=\box27
\tabu@arstrutbox=\box28
\tabu@hleads=\box29
\tabu@vleads=\box30
\tabu@cellskip=\skip46
)
("C:\Users\Emtiaj\AppData\Local\Programs\MiKTeX 2.9\tex\latex\tocbibind\tocbibi
nd.sty"
Package: tocbibind 2010/10/13 v1.5k extra ToC listings
Package tocbibind Info: The document has chapter divisions on input line 50.


Package tocbibind Note: Using chapter style headings, unless overridden.

)
("C:\Users\Emtiaj\AppData\Local\Programs\MiKTeX 2.9\tex\latex\mathtools\mathtoo
ls.sty"
Package: mathtools 2015/11/12 v1.18 mathematical typesetting tools

("C:\Users\Emtiaj\AppData\Local\Programs\MiKTeX 2.9\tex\latex\tools\calc.sty"
Package: calc 2014/10/28 v4.3 Infix arithmetic (KKT,FJ)
\calc@Acount=\count110
\calc@Bcount=\count111
\calc@Adimen=\dimen132
\calc@Bdimen=\dimen133
\calc@Askip=\skip47
\calc@Bskip=\skip48
LaTeX Info: Redefining \setlength on input line 80.
LaTeX Info: Redefining \addtolength on input line 81.
\calc@Ccount=\count112
\calc@Cskip=\skip49
)
("C:\Users\Emtiaj\AppData\Local\Programs\MiKTeX 2.9\tex\latex\mathtools\mhsetup
.sty"
Package: mhsetup 2010/01/21 v1.2a programming setup (MH)
)
("C:\Users\Emtiaj\AppData\Local\Programs\MiKTeX 2.9\tex\latex\amsmath\amsmath.s
ty"
Package: amsmath 2013/01/14 v2.14 AMS math features
\@mathmargin=\skip50

For additional information on amsmath, use the `?' option.

("C:\Users\Emtiaj\AppData\Local\Programs\MiKTeX 2.9\tex\latex\amsmath\amstext.s
ty"
Package: amstext 2000/06/29 v2.01

("C:\Users\Emtiaj\AppData\Local\Programs\MiKTeX 2.9\tex\latex\amsmath\amsgen.st
y"
File: amsgen.sty 1999/11/30 v2.0
\@emptytoks=\toks21
\ex@=\dimen134
))
("C:\Users\Emtiaj\AppData\Local\Programs\MiKTeX 2.9\tex\latex\amsmath\amsbsy.st
y"
Package: amsbsy 1999/11/29 v1.2d
\pmbraise@=\dimen135
)
("C:\Users\Emtiaj\AppData\Local\Programs\MiKTeX 2.9\tex\latex\amsmath\amsopn.st
y"
Package: amsopn 1999/12/14 v2.01 operator names
)
\inf@bad=\count113
LaTeX Info: Redefining \frac on input line 210.
\uproot@=\count114
\leftroot@=\count115
LaTeX Info: Redefining \overline on input line 306.
\classnum@=\count116
\DOTSCASE@=\count117
LaTeX Info: Redefining \ldots on input line 378.
LaTeX Info: Redefining \dots on input line 381.
LaTeX Info: Redefining \cdots on input line 466.
\Mathstrutbox@=\box31
\strutbox@=\box32
\big@size=\dimen136
LaTeX Font Info:    Redeclaring font encoding OML on input line 566.
LaTeX Font Info:    Redeclaring font encoding OMS on input line 567.
\macc@depth=\count118
\c@MaxMatrixCols=\count119
\dotsspace@=\muskip11
\c@parentequation=\count120
\dspbrk@lvl=\count121
\tag@help=\toks22
\row@=\count122
\column@=\count123
\maxfields@=\count124
\andhelp@=\toks23
\eqnshift@=\dimen137
\alignsep@=\dimen138
\tagshift@=\dimen139
\tagwidth@=\dimen140
\totwidth@=\dimen141
\lineht@=\dimen142
\@envbody=\toks24
\multlinegap=\skip51
\multlinetaggap=\skip52
\mathdisplay@stack=\toks25
LaTeX Info: Redefining \[ on input line 2665.
LaTeX Info: Redefining \] on input line 2666.
)
LaTeX Info: Thecontrolsequence`\('isalreadyrobust on input line 129.
LaTeX Info: Thecontrolsequence`\)'isalreadyrobust on input line 129.
LaTeX Info: Thecontrolsequence`\['isalreadyrobust on input line 129.
LaTeX Info: Thecontrolsequence`\]'isalreadyrobust on input line 129.
\g_MT_multlinerow_int=\count125
\l_MT_multwidth_dim=\dimen143
\origjot=\skip53
\l_MT_shortvdotswithinadjustabove_dim=\dimen144
\l_MT_shortvdotswithinadjustbelow_dim=\dimen145
\l_MT_above_intertext_sep=\dimen146
\l_MT_below_intertext_sep=\dimen147
\l_MT_above_shortintertext_sep=\dimen148
\l_MT_below_shortintertext_sep=\dimen149
) (main.aux (otherpage.aux))
\openout1 = `main.aux'.

LaTeX Font Info:    Checking defaults for OML/cmm/m/it on input line 25.
LaTeX Font Info:    ... okay on input line 25.
LaTeX Font Info:    Checking defaults for T1/cmr/m/n on input line 25.
LaTeX Font Info:    ... okay on input line 25.
LaTeX Font Info:    Checking defaults for OT1/cmr/m/n on input line 25.
LaTeX Font Info:    ... okay on input line 25.
LaTeX Font Info:    Checking defaults for OMS/cmsy/m/n on input line 25.
LaTeX Font Info:    ... okay on input line 25.
LaTeX Font Info:    Checking defaults for OMX/cmex/m/n on input line 25.
LaTeX Font Info:    ... okay on input line 25.
LaTeX Font Info:    Checking defaults for U/cmr/m/n on input line 25.
LaTeX Font Info:    ... okay on input line 25.
LaTeX Font Info:    Checking defaults for PD1/pdf/m/n on input line 25.
LaTeX Font Info:    ... okay on input line 25.

("C:\Users\Emtiaj\AppData\Local\Programs\MiKTeX 2.9\tex\context\base\supp-pdf.m
kii"
[Loading MPS to PDF converter (version 2006.09.02).]
\scratchcounter=\count126
\scratchdimen=\dimen150
\scratchbox=\box33
\nofMPsegments=\count127
\nofMParguments=\count128
\everyMPshowfont=\toks26
\MPscratchCnt=\count129
\MPscratchDim=\dimen151
\MPnumerator=\count130
\makeMPintoPDFobject=\count131
\everyMPtoPDFconversion=\toks27
)
\AtBeginShipoutBox=\box34
Package hyperref Info: Link coloring OFF on input line 25.

("C:\Users\Emtiaj\AppData\Local\Programs\MiKTeX 2.9\tex\latex\hyperref\nameref.
sty"
Package: nameref 2012/10/27 v2.43 Cross-referencing by name of section

("C:\Users\Emtiaj\AppData\Local\Programs\MiKTeX 2.9\tex\generic\oberdiek\gettit
lestring.sty"
Package: gettitlestring 2010/12/03 v1.4 Cleanup title references (HO)
)
\c@section@level=\count132
)
LaTeX Info: Redefining \ref on input line 25.
LaTeX Info: Redefining \pageref on input line 25.
LaTeX Info: Redefining \nameref on input line 25.
 (main.out) (main.out)
\@outlinefile=\write3
\openout3 = `main.out'.


*geometry* driver: auto-detecting
*geometry* detected driver: pdftex
*geometry* verbose mode - [ preamble ] result:
* driver: pdftex
* paper: a4paper
* layout: <same size as paper>
* layoutoffset:(h,v)=(0.0pt,0.0pt)
* modes: 
* h-part:(L,W,R)=(99.58464pt, 412.56497pt, 85.35826pt)
* v-part:(T,H,B)=(85.35826pt, 674.33032pt, 85.35826pt)
* \paperwidth=597.50787pt
* \paperheight=845.04684pt
* \textwidth=412.56497pt
* \textheight=674.33032pt
* \oddsidemargin=27.31465pt
* \evensidemargin=27.31465pt
* \topmargin=-23.91173pt
* \headheight=12.0pt
* \headsep=25.0pt
* \topskip=12.0pt
* \footskip=30.0pt
* \marginparwidth=35.0pt
* \marginparsep=10.0pt
* \columnsep=10.0pt
* \skip\footins=10.8pt plus 4.0pt minus 2.0pt
* \hoffset=0.0pt
* \voffset=0.0pt
* \mag=1000
* \@twocolumnfalse
* \@twosidefalse
* \@mparswitchfalse
* \@reversemarginfalse
* (1in=72.27pt=25.4mm, 1cm=28.453pt)

\openout2 = `otherpage.aux'.

(otherpage.tex [1


{C:/Users/Emtiaj/AppData/Local/MiKTeX/2.9/pdftex/config/pdftex.map}] <image/cue
t-logo.png, id=166, 271.0125pt x 254.9525pt>
File: image/cuet-logo.png Graphic file (type png)

<use image/cuet-logo.png>
Package pdftex.def Info: image/cuet-logo.png used on input line 49.
(pdftex.def)             Requested size: 203.25887pt x 191.21388pt.
 [2 <./image/cuet-logo.png>]
Underfull \hbox (badness 10000) in paragraph at lines 96--101

 []


Underfull \hbox (badness 10000) in paragraph at lines 104--108

 []


Underfull \hbox (badness 10000) in paragraph at lines 110--115

 []

[3] [4] [5]) [6] (main.toc [7


])
\tf@toc=\write4
\openout4 = `main.toc'.

 [8] (main.lof)
\tf@lof=\write5
\openout5 = `main.lof'.

 [9

] (main.lot)
\tf@lot=\write6
\openout6 = `main.lot'.

 [10

]
Chapter 1.
[1

] <image/WatermakProcess.png, id=303, 643.6547pt x 252.945pt>
File: image/WatermakProcess.png Graphic file (type png)

<use image/WatermakProcess.png>
Package pdftex.def Info: image/WatermakProcess.png used on input line 71.
(pdftex.def)             Requested size: 386.1958pt x 151.76816pt.
 [2 <./image/WatermakProcess.png>]
LaTeX Font Info:    Try loading font information for OMS+cmr on input line 99.

("C:\Users\Emtiaj\AppData\Local\Programs\MiKTeX 2.9\tex\latex\base\omscmr.fd"
File: omscmr.fd 2014/09/29 v2.5h Standard LaTeX font definitions
)
LaTeX Font Info:    Font shape `OMS/cmr/m/n' in size <12> not available
(Font)              Font shape `OMS/cmsy/m/n' tried instead on input line 99.

[3] [4] [5]
Overfull \hbox (36.25082pt too wide) in paragraph at lines 196--196
[]\OT1/cmr/bx/n/17.28 Prospect of the Pro-posed Wa-ter-mark-ing Scheme 
 []

[6]
Chapter 2.
[7

] [8]
Overfull \hbox (0.17796pt too wide) in paragraph at lines 272--273
[]\OT1/cmr/m/n/12 Yong [[]] pro-posed an au-dio wa-ter-mark-ing scheme based on
 the dyadic wavelet
 []

[9] [10]
Chapter 3.

Overfull \hbox (1.38768pt too wide) in paragraph at lines 291--292
\OT1/cmr/m/n/12 From the pre-vi-ous chap-ter, it can be seen that sev-eral au-d
io wa-ter-mark-ing schemes
 []


LaTeX Warning: `!h' float specifier changed to `!ht'.

[11

] <image/Embedding.png, id=437, 445.665pt x 597.73312pt>
File: image/Embedding.png Graphic file (type png)

<use image/Embedding.png>
Package pdftex.def Info: image/Embedding.png used on input line 344.
(pdftex.def)             Requested size: 311.96336pt x 418.41032pt.


LaTeX Warning: `!h' float specifier changed to `!ht'.

[12] [13 <./image/Embedding.png>] [14]
<image/Extraction.png, id=462, 485.56406pt x 665.48625pt>
File: image/Extraction.png Graphic file (type png)

<use image/Extraction.png>
Package pdftex.def Info: image/Extraction.png used on input line 429.
(pdftex.def)             Requested size: 339.89252pt x 465.83719pt.


LaTeX Warning: `!h' float specifier changed to `!ht'.

[15] [16 <./image/Extraction.png>]
Chapter 4.
<image/sample.jpg, id=479, 562.1pt x 421.575pt>
File: image/sample.jpg Graphic file (type jpg)
 <use image/sample.jpg>
Package pdftex.def Info: image/sample.jpg used on input line 481.
(pdftex.def)             Requested size: 449.68062pt x 337.26045pt.

Overfull \hbox (37.11565pt too wide) in paragraph at lines 481--482
 [][] 
 []


LaTeX Warning: `!h' float specifier changed to `!ht'.

<image/BN.jpg, id=483, 101.62968pt x 102.3825pt>
File: image/BN.jpg Graphic file (type jpg)
 <use image/BN.jpg>
Package pdftex.def Info: image/BN.jpg used on input line 494.
(pdftex.def)             Requested size: 81.30385pt x 81.9061pt.


LaTeX Warning: `!h' float specifier changed to `!ht'.

[17

] [18 <./image/sample.jpg> <./image/BN.jpg>]
<image/original.png, id=514, 421.575pt x 164.11313pt>
File: image/original.png Graphic file (type png)
 <use image/original.png>
Package pdftex.def Info: image/original.png used on input line 537.
(pdftex.def)             Requested size: 337.26045pt x 131.29066pt.

<image/awgn.png, id=515, 421.575pt x 166.37157pt>
File: image/awgn.png Graphic file (type png)
 <use image/awgn.png>
Package pdftex.def Info: image/awgn.png used on input line 544.
(pdftex.def)             Requested size: 337.26045pt x 133.09741pt.
 [19 <./image/original.png> <./image/awgn.png>]
<image/resampling.png, id=524, 421.575pt x 164.11313pt>
File: image/resampling.png Graphic file (type png)

<use image/resampling.png>
Package pdftex.def Info: image/resampling.png used on input line 553.
(pdftex.def)             Requested size: 337.26045pt x 131.29066pt.
 <image/lpf.png, id=525, 421.575pt x 166.37157pt>
File: image/lpf.png Graphic file (type png)

<use image/lpf.png>
Package pdftex.def Info: image/lpf.png used on input line 560.
(pdftex.def)             Requested size: 337.26045pt x 133.09741pt.
 <image/requantized.png, id=526, 421.575pt x 164.11313pt>
File: image/requantized.png Graphic file (type png)

<use image/requantized.png>
Package pdftex.def Info: image/requantized.png used on input line 567.
(pdftex.def)             Requested size: 337.26045pt x 131.29066pt.
 [20 <./image/resampling.png> <./image/lpf.png> <./image/requantized.png>] <ima
ge/echo.png, id=531, 421.575pt x 161.85469pt>
File: image/echo.png Graphic file (type png)

<use image/echo.png>
Package pdftex.def Info: image/echo.png used on input line 576.
(pdftex.def)             Requested size: 337.26045pt x 129.4839pt.
 <image/reverse.png, id=532, 421.575pt x 164.11313pt>
File: image/reverse.png Graphic file (type png)

<use image/reverse.png>
Package pdftex.def Info: image/reverse.png used on input line 583.
(pdftex.def)             Requested size: 337.26045pt x 131.29066pt.
 <image/mp332.png, id=533, 421.575pt x 164.11313pt>
File: image/mp332.png Graphic file (type png)

<use image/mp332.png>
Package pdftex.def Info: image/mp332.png used on input line 590.
(pdftex.def)             Requested size: 337.26045pt x 131.29066pt.
 [21 <./image/echo.png> <./image/reverse.png> <./image/mp332.png>] <image/mp364
.png, id=539, 421.575pt x 164.11313pt>
File: image/mp364.png Graphic file (type png)

<use image/mp364.png>
Package pdftex.def Info: image/mp364.png used on input line 599.
(pdftex.def)             Requested size: 337.26045pt x 131.29066pt.
 <image/mp3128.png, id=540, 421.575pt x 164.11313pt>
File: image/mp3128.png Graphic file (type png)

<use image/mp3128.png>
Package pdftex.def Info: image/mp3128.png used on input line 606.
(pdftex.def)             Requested size: 337.26045pt x 131.29066pt.
 [22 <./image/mp364.png> <./image/mp3128.png>] [23]
[24]
Chapter 5.
<image/imperceptibility.png, id=564, 421.575pt x 316.18124pt>
File: image/imperceptibility.png Graphic file (type png)

<use image/imperceptibility.png>
Package pdftex.def Info: image/imperceptibility.png used on input line 686.
(pdftex.def)             Requested size: 337.26045pt x 252.94533pt.
 [25

 <./image/imperceptibility.png (PNG copy)>] <image/citizen(awgn).png, id=573, 1
29.48375pt x 129.48375pt>
File: image/citizen(awgn).png Graphic file (type png)

<use image/citizen(awgn).png>
Package pdftex.def Info: image/citizen(awgn).png used on input line 712.
(pdftex.def)             Requested size: 51.79257pt x 51.79257pt.

<image/citizen(resampling).png, id=574, 129.48375pt x 129.48375pt>
File: image/citizen(resampling).png Graphic file (type png)

<use image/citizen(resampling).png>
Package pdftex.def Info: image/citizen(resampling).png used on input line 714.
(pdftex.def)             Requested size: 51.79257pt x 51.79257pt.

<image/citizen(lpf).png, id=575, 129.48375pt x 129.48375pt>
File: image/citizen(lpf).png Graphic file (type png)

<use image/citizen(lpf).png>
Package pdftex.def Info: image/citizen(lpf).png used on input line 716.
(pdftex.def)             Requested size: 51.79257pt x 51.79257pt.

<image/citizen(requantized).png, id=576, 129.48375pt x 129.48375pt>
File: image/citizen(requantized).png Graphic file (type png)

<use image/citizen(requantized).png>
Package pdftex.def Info: image/citizen(requantized).png used on input line 718.

(pdftex.def)             Requested size: 51.79257pt x 51.79257pt.

<image/citizen(echo).png, id=577, 129.48375pt x 129.48375pt>
File: image/citizen(echo).png Graphic file (type png)

<use image/citizen(echo).png>
Package pdftex.def Info: image/citizen(echo).png used on input line 720.
(pdftex.def)             Requested size: 51.79257pt x 51.79257pt.

<image/citizen(reverse).png, id=578, 129.48375pt x 129.48375pt>
File: image/citizen(reverse).png Graphic file (type png)

<use image/citizen(reverse).png>
Package pdftex.def Info: image/citizen(reverse).png used on input line 722.
(pdftex.def)             Requested size: 51.79257pt x 51.79257pt.

<image/citizen(32).png, id=579, 129.48375pt x 129.48375pt>
File: image/citizen(32).png Graphic file (type png)

<use image/citizen(32).png>
Package pdftex.def Info: image/citizen(32).png used on input line 724.
(pdftex.def)             Requested size: 51.79257pt x 51.79257pt.

<image/citizen(64).png, id=580, 129.48375pt x 129.48375pt>
File: image/citizen(64).png Graphic file (type png)

<use image/citizen(64).png>
Package pdftex.def Info: image/citizen(64).png used on input line 726.
(pdftex.def)             Requested size: 51.79257pt x 51.79257pt.

<image/citizen(128).png, id=581, 129.48375pt x 129.48375pt>
File: image/citizen(128).png Graphic file (type png)

<use image/citizen(128).png>
Package pdftex.def Info: image/citizen(128).png used on input line 728.
(pdftex.def)             Requested size: 51.79257pt x 51.79257pt.


LaTeX Warning: `!h' float specifier changed to `!ht'.


Overfull \hbox (12.31306pt too wide) in paragraph at lines 740--805
 [][]  
 []


LaTeX Warning: `!h' float specifier changed to `!ht'.

[26] [27 <./image/citizen(awgn).png> <./image/citizen(resampling).png> <./image
/citizen(lpf).png> <./image/citizen(requantized).png> <./image/citizen(echo).pn
g> <./image/citizen(reverse).png> <./image/citizen(32).png> <./image/citizen(64
).png> <./image/citizen(128).png>]
Overfull \hbox (10.73961pt too wide) in paragraph at lines 820--848
 [][]  
 []

[28]
Overfull \hbox (7.30632pt too wide) in paragraph at lines 857--885
 [][]  
 []

[29] <image/NC.png, id=620, 542.77782pt x 329.73187pt>
File: image/NC.png Graphic file (type png)
 <use image/NC.png>
Package pdftex.def Info: image/NC.png used on input line 893.
(pdftex.def)             Requested size: 379.94188pt x 230.81071pt.

<image/BER.png, id=621, 549.55313pt x 331.2375pt>
File: image/BER.png Graphic file (type png)
 <use image/BER.png>
Package pdftex.def Info: image/BER.png used on input line 900.
(pdftex.def)             Requested size: 384.68457pt x 231.86465pt.
 [30 <./image/NC.png> <./image/BER.png>]
<image/falsepositive.png, id=634, 447.92343pt x 238.64156pt>
File: image/falsepositive.png Graphic file (type png)

<use image/falsepositive.png>
Package pdftex.def Info: image/falsepositive.png used on input line 919.
(pdftex.def)             Requested size: 358.33922pt x 190.91348pt.

<image/falsenegative.png, id=636, 444.91219pt x 234.1247pt>
File: image/falsenegative.png Graphic file (type png)

<use image/falsenegative.png>
Package pdftex.def Info: image/falsenegative.png used on input line 934.
(pdftex.def)             Requested size: 355.93022pt x 187.3pt.


LaTeX Warning: `!h' float specifier changed to `!ht'.

[31 <./image/falsepositive.png>] [32 <./image/falsenegative.png>]
Chapter 6.

Overfull \hbox (0.18213pt too wide) in paragraph at lines 957--958
[]\OT1/cmr/m/n/12 Some mod-ern at-tacks such as pitch-scale, chan-nel fad-ing, 
packet drop should
 []

(main.bbl [33

] [34

] [35] [36] [37])
Package atveryend Info: Empty hook `BeforeClearDocument' on input line 987.
 [38]
Package atveryend Info: Empty hook `AfterLastShipout' on input line 987.
 (main.aux (otherpage.aux))
Package atveryend Info: Executing hook `AtVeryEndDocument' on input line 987.
Package atveryend Info: Executing hook `AtEndAfterFileList' on input line 987.
Package rerunfilecheck Info: File `main.out' has not changed.
(rerunfilecheck)             Checksum: C2FFC31E513392BBB726FEA4265E2685;2771.
Package atveryend Info: Empty hook `AtVeryVeryEnd' on input line 987.
 ) 
Here is how much of TeX's memory you used:
 8506 strings out of 493634
 124721 string characters out of 3134832
 236526 words of memory out of 3000000
 11567 multiletter control sequences out of 15000+200000
 10895 words of font info for 39 fonts, out of 3000000 for 9000
 1025 hyphenation exceptions out of 8191
 33i,14n,28p,3208b,474s stack positions out of 5000i,500n,10000p,200000b,50000s
<C:/Users/Emtiaj/AppData/Local/Programs/MiKTeX 2.9/fonts/type1/public/amsfont
s/cm/cmbx10.pfb><C:/Users/Emtiaj/AppData/Local/Programs/MiKTeX 2.9/fonts/type1/
public/amsfonts/cm/cmbx12.pfb><C:/Users/Emtiaj/AppData/Local/Programs/MiKTeX 2.
9/fonts/type1/public/amsfonts/cm/cmex10.pfb><C:/Users/Emtiaj/AppData/Local/Prog
rams/MiKTeX 2.9/fonts/type1/public/amsfonts/cm/cmmi10.pfb><C:/Users/Emtiaj/AppD
ata/Local/Programs/MiKTeX 2.9/fonts/type1/public/amsfonts/cm/cmmi12.pfb><C:/Use
rs/Emtiaj/AppData/Local/Programs/MiKTeX 2.9/fonts/type1/public/amsfonts/cm/cmmi
8.pfb><C:/Users/Emtiaj/AppData/Local/Programs/MiKTeX 2.9/fonts/type1/public/ams
fonts/cm/cmr10.pfb><C:/Users/Emtiaj/AppData/Local/Programs/MiKTeX 2.9/fonts/typ
e1/public/amsfonts/cm/cmr12.pfb><C:/Users/Emtiaj/AppData/Local/Programs/MiKTeX 
2.9/fonts/type1/public/amsfonts/cm/cmr6.pfb><C:/Users/Emtiaj/AppData/Local/Prog
rams/MiKTeX 2.9/fonts/type1/public/amsfonts/cm/cmr8.pfb><C:/Users/Emtiaj/AppDat
a/Local/Programs/MiKTeX 2.9/fonts/type1/public/amsfonts/cm/cmsy10.pfb><C:/Users
/Emtiaj/AppData/Local/Programs/MiKTeX 2.9/fonts/type1/public/amsfonts/cm/cmsy8.
pfb><C:/Users/Emtiaj/AppData/Local/Programs/MiKTeX 2.9/fonts/type1/public/amsfo
nts/cm/cmti12.pfb>
Output written on main.pdf (48 pages, 580282 bytes).
PDF statistics:
 763 PDF objects out of 1000 (max. 8388607)
 182 named destinations out of 1000 (max. 500000)
 463 words of extra memory for PDF output out of 10000 (max. 10000000)

